  Reconstructor.cpp
E:\Development\INFOMCV-Assignment-3\VoxelReconstruction\src\controllers\Reconstructor.h(99,1): warning C4267: 'return': conversion from 'size_t' to 'int', possible loss of data
E:\Development\INFOMCV-Assignment-3\VoxelReconstruction\src\controllers\Reconstructor.cpp(80): warning C4101: 'z': unreferenced local variable
E:\Development\INFOMCV-Assignment-3\VoxelReconstruction\src\controllers\Reconstructor.cpp(186,42): warning C4804: '<=': unsafe use of type 'bool' in operation
E:\Development\INFOMCV-Assignment-3\VoxelReconstruction\src\controllers\Reconstructor.cpp(187,42): warning C4804: '<=': unsafe use of type 'bool' in operation
E:\Development\INFOMCV-Assignment-3\VoxelReconstruction\src\controllers\Reconstructor.cpp(188,42): warning C4804: '<=': unsafe use of type 'bool' in operation
E:\Development\INFOMCV-Assignment-3\VoxelReconstruction\src\controllers\Reconstructor.cpp(204,22): warning C4244: 'initializing': conversion from 'double' to 'float', possible loss of data
E:\Development\INFOMCV-Assignment-3\VoxelReconstruction\src\controllers\Reconstructor.cpp(252,96): warning C4244: '=': conversion from '__int64' to 'int', possible loss of data
E:\Development\INFOMCV-Assignment-3\VoxelReconstruction\src\controllers\Reconstructor.cpp(277,79): warning C4244: 'argument': conversion from 'int' to '_Tp', possible loss of data
          with
          [
              _Tp=float
          ]
E:\Development\INFOMCV-Assignment-3\VoxelReconstruction\src\controllers\Reconstructor.cpp(277,55): warning C4244: 'argument': conversion from 'int' to '_Tp', possible loss of data
          with
          [
              _Tp=float
          ]
E:\Development\INFOMCV-Assignment-3\VoxelReconstruction\src\controllers\Reconstructor.cpp(332,79): warning C4244: 'argument': conversion from 'int' to '_Tp', possible loss of data
          with
          [
              _Tp=float
          ]
E:\Development\INFOMCV-Assignment-3\VoxelReconstruction\src\controllers\Reconstructor.cpp(332,55): warning C4244: 'argument': conversion from 'int' to '_Tp', possible loss of data
          with
          [
              _Tp=float
          ]
E:\Development\INFOMCV-Assignment-3\VoxelReconstruction\src\controllers\Reconstructor.cpp(218): warning C4101: 'v': unreferenced local variable
  Generating code
  2 of 2159 functions (<0.1%) were compiled, the rest were copied from previous compilation.
    0 functions were new in current compilation
    10 functions had inline decision re-evaluated but remain unchanged
  Finished generating code
  VoxelReconstruction.vcxproj -> E:\Development\INFOMCV-Assignment-3\VoxelReconstruction\x64\Release\VoxelReconstruction.exe
