c:\users\jimiu\desktop\infomcv-assignment-2\polyvox-master\build\library\polyvoxcore\debug\polyvoxcore.pdb
c:\users\jimiu\desktop\infomcv-assignment-2\polyvox-master\build\library\polyvoxcore\polyvoxcore.dir\debug\utility.obj
c:\users\jimiu\desktop\infomcv-assignment-2\polyvox-master\build\library\polyvoxcore\polyvoxcore.dir\debug\randomvectors.obj
c:\users\jimiu\desktop\infomcv-assignment-2\polyvox-master\build\library\polyvoxcore\polyvoxcore.dir\debug\randomunitvectors.obj
c:\users\jimiu\desktop\infomcv-assignment-2\polyvox-master\build\library\polyvoxcore\polyvoxcore.dir\debug\marchingcubestables.obj
c:\users\jimiu\desktop\infomcv-assignment-2\polyvox-master\build\library\polyvoxcore\polyvoxcore.dir\debug\vertextypes.obj
c:\users\jimiu\desktop\infomcv-assignment-2\polyvox-master\build\library\polyvoxcore\polyvoxcore.dir\debug\simpleinterface.obj
c:\users\jimiu\desktop\infomcv-assignment-2\polyvox-master\build\library\polyvoxcore\polyvoxcore.dir\debug\region.obj
c:\users\jimiu\desktop\infomcv-assignment-2\polyvox-master\build\library\polyvoxcore\polyvoxcore.dir\debug\meshdecimator.obj
c:\users\jimiu\desktop\infomcv-assignment-2\polyvox-master\build\library\polyvoxcore\polyvoxcore.dir\debug\log.obj
c:\users\jimiu\desktop\infomcv-assignment-2\polyvox-master\build\library\polyvoxcore\polyvoxcore.dir\debug\astarpathfinder.obj
c:\users\jimiu\desktop\infomcv-assignment-2\polyvox-master\build\library\polyvoxcore\polyvoxcore.dir\debug\arraysizes.obj
c:\users\jimiu\desktop\infomcv-assignment-2\polyvox-master\build\library\polyvoxcore\cmakefiles\generate.stamp
c:\users\jimiu\desktop\infomcv-assignment-2\polyvox-master\build\library\polyvoxcore\debug\polyvoxcore.lib
c:\users\jimiu\desktop\infomcv-assignment-2\polyvox-master\build\library\polyvoxcore\polyvoxcore.dir\debug\polyvoxcore.tlog\cl.command.1.tlog
c:\users\jimiu\desktop\infomcv-assignment-2\polyvox-master\build\library\polyvoxcore\polyvoxcore.dir\debug\polyvoxcore.tlog\cl.read.1.tlog
c:\users\jimiu\desktop\infomcv-assignment-2\polyvox-master\build\library\polyvoxcore\polyvoxcore.dir\debug\polyvoxcore.tlog\cl.write.1.tlog
c:\users\jimiu\desktop\infomcv-assignment-2\polyvox-master\build\library\polyvoxcore\polyvoxcore.dir\debug\polyvoxcore.tlog\custombuild.command.1.tlog
c:\users\jimiu\desktop\infomcv-assignment-2\polyvox-master\build\library\polyvoxcore\polyvoxcore.dir\debug\polyvoxcore.tlog\custombuild.read.1.tlog
c:\users\jimiu\desktop\infomcv-assignment-2\polyvox-master\build\library\polyvoxcore\polyvoxcore.dir\debug\polyvoxcore.tlog\custombuild.write.1.tlog
c:\users\jimiu\desktop\infomcv-assignment-2\polyvox-master\build\library\polyvoxcore\polyvoxcore.dir\debug\polyvoxcore.tlog\lib-link.read.1.tlog
c:\users\jimiu\desktop\infomcv-assignment-2\polyvox-master\build\library\polyvoxcore\polyvoxcore.dir\debug\polyvoxcore.tlog\lib-link.write.1.tlog
c:\users\jimiu\desktop\infomcv-assignment-2\polyvox-master\build\library\polyvoxcore\polyvoxcore.dir\debug\polyvoxcore.tlog\lib.command.1.tlog
